Using pre-set license
Built from '2021.3/staging' branch; Version is '2021.3.19f1 (c9714fde33b6) revision 13201743'; Using compiler version '192829333'; Build Type 'Release'
OS: 'Windows 10  (10.0.19045) 64bit Professional' Language: 'es' Physical Memory: 16310 MB
BatchMode: 1, IsHumanControllingUs: 0, StartBugReporterOnCrash: 0, Is64bit: 1, IsPro: 1

COMMAND LINE ARGUMENTS:
C:\Program Files\Unity\Hub\Editor\2021.3.19f1\Editor\Unity.exe
-adb2
-batchMode
-noUpm
-name
AssetImportWorker6
-projectPath
F:/Documentos/UPNa/TFG_GitHub/TFG_retargeting/SlidersAnimation
-logFile
Logs/AssetImportWorker6.log
-srvPort
50121
Successfully changed project path to: F:/Documentos/UPNa/TFG_GitHub/TFG_retargeting/SlidersAnimation
F:/Documentos/UPNa/TFG_GitHub/TFG_retargeting/SlidersAnimation
[UnityMemory] Configuration Parameters - Can be set up in boot.config
    "memorysetup-bucket-allocator-granularity=16"
    "memorysetup-bucket-allocator-bucket-count=8"
    "memorysetup-bucket-allocator-block-size=33554432"
    "memorysetup-bucket-allocator-block-count=8"
    "memorysetup-main-allocator-block-size=16777216"
    "memorysetup-thread-allocator-block-size=16777216"
    "memorysetup-gfx-main-allocator-block-size=16777216"
    "memorysetup-gfx-thread-allocator-block-size=16777216"
    "memorysetup-cache-allocator-block-size=4194304"
    "memorysetup-typetree-allocator-block-size=2097152"
    "memorysetup-profiler-bucket-allocator-granularity=16"
    "memorysetup-profiler-bucket-allocator-bucket-count=8"
    "memorysetup-profiler-bucket-allocator-block-size=33554432"
    "memorysetup-profiler-bucket-allocator-block-count=8"
    "memorysetup-profiler-allocator-block-size=16777216"
    "memorysetup-profiler-editor-allocator-block-size=1048576"
    "memorysetup-temp-allocator-size-main=16777216"
    "memorysetup-job-temp-allocator-block-size=2097152"
    "memorysetup-job-temp-allocator-block-size-background=1048576"
    "memorysetup-job-temp-allocator-reduction-small-platforms=262144"
    "memorysetup-temp-allocator-size-background-worker=32768"
    "memorysetup-temp-allocator-size-job-worker=262144"
    "memorysetup-temp-allocator-size-preload-manager=33554432"
    "memorysetup-temp-allocator-size-nav-mesh-worker=65536"
    "memorysetup-temp-allocator-size-audio-worker=65536"
    "memorysetup-temp-allocator-size-cloud-worker=32768"
    "memorysetup-temp-allocator-size-gi-baking-worker=262144"
    "memorysetup-temp-allocator-size-gfx=262144"
Player connection [31084] Host "[IP] 192.168.1.39 [Port] 0 [Flags] 2 [Guid] 32182334 [EditorId] 32182334 [Version] 1048832 [Id] WindowsEditor(7,DESKTOP-PAGVQ4V) [Debug] 1 [PackageName] WindowsEditor [ProjectName] Editor" joined multi-casting on [225.0.0.222:54997]...

Player connection [31084] Host "[IP] 192.168.1.39 [Port] 0 [Flags] 2 [Guid] 32182334 [EditorId] 32182334 [Version] 1048832 [Id] WindowsEditor(7,DESKTOP-PAGVQ4V) [Debug] 1 [PackageName] WindowsEditor [ProjectName] Editor" joined alternative multi-casting on [225.0.0.222:34997]...

Refreshing native plugins compatible for Editor in 20.67 ms, found 2 plugins.
Preloading 0 native plugins for Editor in 0.00 ms.
Initialize engine version: 2021.3.19f1 (c9714fde33b6)
[Subsystems] Discovering subsystems at path C:/Program Files/Unity/Hub/Editor/2021.3.19f1/Editor/Data/Resources/UnitySubsystems
[Subsystems] Discovering subsystems at path F:/Documentos/UPNa/TFG_GitHub/TFG_retargeting/SlidersAnimation/Assets
GfxDevice: creating device client; threaded=0; jobified=0
Direct3D:
    Version:  Direct3D 11.0 [level 11.1]
    Renderer: NVIDIA GeForce RTX 2060 (ID=0x1f03)
    Vendor:   NVIDIA
    VRAM:     12075 MB
    Driver:   31.0.15.2756
Initialize mono
Mono path[0] = 'C:/Program Files/Unity/Hub/Editor/2021.3.19f1/Editor/Data/Managed'
Mono path[1] = 'C:/Program Files/Unity/Hub/Editor/2021.3.19f1/Editor/Data/MonoBleedingEdge/lib/mono/unityjit-win32'
Mono config path = 'C:/Program Files/Unity/Hub/Editor/2021.3.19f1/Editor/Data/MonoBleedingEdge/etc'
Using monoOptions --debugger-agent=transport=dt_socket,embedding=1,server=y,suspend=n,address=127.0.0.1:56360
Begin MonoManager ReloadAssembly
Registering precompiled unity dll's ...
Register platform support module: C:/Program Files/Unity/Hub/Editor/2021.3.19f1/Editor/Data/PlaybackEngines/WindowsStandaloneSupport/UnityEditor.WindowsStandalone.Extensions.dll
Registered in 0.006060 seconds.
Native extension for WindowsStandalone target not found
Refreshing native plugins compatible for Editor in 19.32 ms, found 2 plugins.
Preloading 0 native plugins for Editor in 0.00 ms.
Mono: successfully reloaded assembly
- Completed reload, in  0.442 seconds
Domain Reload Profiling:
	ReloadAssembly (442ms)
		BeginReloadAssembly (58ms)
			ExecutionOrderSort (0ms)
			DisableScriptedObjects (0ms)
			BackupInstance (0ms)
			ReleaseScriptingObjects (0ms)
			CreateAndSetChildDomain (1ms)
		EndReloadAssembly (294ms)
			LoadAssemblies (56ms)
			RebuildTransferFunctionScriptingTraits (0ms)
			SetupTypeCache (75ms)
			ReleaseScriptCaches (0ms)
			RebuildScriptCaches (19ms)
			SetupLoadedEditorAssemblies (163ms)
				LogAssemblyErrors (0ms)
				InitializePlatformSupportModulesInManaged (6ms)
				SetLoadedEditorAssemblies (0ms)
				RefreshPlugins (19ms)
				BeforeProcessingInitializeOnLoad (1ms)
				ProcessInitializeOnLoadAttributes (103ms)
				ProcessInitializeOnLoadMethodAttributes (33ms)
				AfterProcessingInitializeOnLoad (0ms)
				EditorAssembliesLoaded (0ms)
			ExecutionOrderSort2 (0ms)
			AwakeInstancesAfterBackupRestoration (0ms)
Platform modules already initialized, skipping
Registering precompiled user dll's ...
Registered in 0.001868 seconds.
Begin MonoManager ReloadAssembly
Native extension for WindowsStandalone target not found
Refreshing native plugins compatible for Editor in 0.47 ms, found 2 plugins.
Preloading 0 native plugins for Editor in 0.00 ms.
Mono: successfully reloaded assembly
- Completed reload, in  0.729 seconds
Domain Reload Profiling:
	ReloadAssembly (730ms)
		BeginReloadAssembly (89ms)
			ExecutionOrderSort (0ms)
			DisableScriptedObjects (4ms)
			BackupInstance (0ms)
			ReleaseScriptingObjects (0ms)
			CreateAndSetChildDomain (16ms)
		EndReloadAssembly (556ms)
			LoadAssemblies (59ms)
			RebuildTransferFunctionScriptingTraits (0ms)
			SetupTypeCache (117ms)
			ReleaseScriptCaches (0ms)
			RebuildScriptCaches (27ms)
			SetupLoadedEditorAssemblies (331ms)
				LogAssemblyErrors (0ms)
				InitializePlatformSupportModulesInManaged (5ms)
				SetLoadedEditorAssemblies (0ms)
				RefreshPlugins (1ms)
				BeforeProcessingInitializeOnLoad (35ms)
				ProcessInitializeOnLoadAttributes (270ms)
				ProcessInitializeOnLoadMethodAttributes (13ms)
				AfterProcessingInitializeOnLoad (7ms)
				EditorAssembliesLoaded (0ms)
			ExecutionOrderSort2 (0ms)
			AwakeInstancesAfterBackupRestoration (5ms)
Platform modules already initialized, skipping
========================================================================
Worker process is ready to serve import requests
Launched and connected shader compiler UnityShaderCompiler.exe after 0.04 seconds
Refreshing native plugins compatible for Editor in 0.33 ms, found 2 plugins.
Preloading 0 native plugins for Editor in 0.00 ms.
Unloading 1390 Unused Serialized files (Serialized files now loaded: 0)
Unloading 16 unused Assets / (57.0 KB). Loaded Objects now: 1882.
Memory consumption went from 85.0 MB to 84.9 MB.
Total: 3.015100 ms (FindLiveObjects: 0.077600 ms CreateObjectMapping: 0.025600 ms MarkObjects: 2.788400 ms  DeleteObjects: 0.122800 ms)

AssetImportParameters requested are different than current active one (requested -> active):
  custom:video-decoder-ogg-theora: a1e56fd34408186e4bbccfd4996cb3dc -> 
  custom:container-muxer-webm: aa71ff27fc2769a1b78a27578f13a17b -> 
  custom:container-demuxer-webm: 4f35f7cbe854078d1ac9338744f61a02 -> 
  custom:video-encoder-webm-vp8: eb34c28f22e8b96e1ab97ce403110664 -> 
  custom:audio-encoder-webm-vorbis: bf7c407c2cedff20999df2af8eb42d56 -> 
  custom:framework-win-MediaFoundation: 216162199b28c13a410421893ffa2e32 -> 
  custom:container-demuxer-ogg: 62fdf1f143b41e24485cea50d1cbac27 -> 
  custom:video-decoder-webm-vp8: 9c59270c3fd7afecdb556c50c9e8de78 -> 
  custom:audio-decoder-ogg-vorbis: bf7c407c2cedff20999df2af8eb42d56 -> 
========================================================================
Received Import Request.
  Time since last request: 1393773.867494 seconds.
  path: Assets/3DModels/maniquin@Death From Right.fbx
  artifactKey: Guid(f3d2a4fcf53670c48b4ec655ea4581f0) Importer(815301076,1909f56bfc062723c751e8b465ee728b)
Start importing Assets/3DModels/maniquin@Death From Right.fbx using Guid(f3d2a4fcf53670c48b4ec655ea4581f0) Importer(815301076,1909f56bfc062723c751e8b465ee728b)  -> (artifact id: '2855583672a749596c5254895733c73f') in 0.051835 seconds 
========================================================================
Received Import Request.
  Time since last request: 0.000014 seconds.
  path: Assets/3DModels/maniquinLargeLegs 1.prefab
  artifactKey: Guid(e9cae2d9042b64b41b7dffb4e3b576f6) Importer(815301076,1909f56bfc062723c751e8b465ee728b)
Start importing Assets/3DModels/maniquinLargeLegs 1.prefab using Guid(e9cae2d9042b64b41b7dffb4e3b576f6) Importer(815301076,1909f56bfc062723c751e8b465ee728b)  -> (artifact id: 'f1f922a0d222e2744b66d4a7c51e3e13') in 0.076685 seconds 
========================================================================
Received Prepare
Registering precompiled user dll's ...
Registered in 0.002150 seconds.
Begin MonoManager ReloadAssembly
Native extension for WindowsStandalone target not found
Refreshing native plugins compatible for Editor in 0.30 ms, found 2 plugins.
Preloading 0 native plugins for Editor in 0.00 ms.
Mono: successfully reloaded assembly
- Completed reload, in  0.795 seconds
Domain Reload Profiling:
	ReloadAssembly (796ms)
		BeginReloadAssembly (95ms)
			ExecutionOrderSort (0ms)
			DisableScriptedObjects (4ms)
			BackupInstance (0ms)
			ReleaseScriptingObjects (0ms)
			CreateAndSetChildDomain (23ms)
		EndReloadAssembly (626ms)
			LoadAssemblies (56ms)
			RebuildTransferFunctionScriptingTraits (0ms)
			SetupTypeCache (117ms)
			ReleaseScriptCaches (1ms)
			RebuildScriptCaches (30ms)
			SetupLoadedEditorAssemblies (389ms)
				LogAssemblyErrors (0ms)
				InitializePlatformSupportModulesInManaged (12ms)
				SetLoadedEditorAssemblies (0ms)
				RefreshPlugins (0ms)
				BeforeProcessingInitializeOnLoad (42ms)
				ProcessInitializeOnLoadAttributes (309ms)
				ProcessInitializeOnLoadMethodAttributes (15ms)
				AfterProcessingInitializeOnLoad (9ms)
				EditorAssembliesLoaded (0ms)
			ExecutionOrderSort2 (0ms)
			AwakeInstancesAfterBackupRestoration (5ms)
Platform modules already initialized, skipping
Refreshing native plugins compatible for Editor in 1.06 ms, found 2 plugins.
Preloading 0 native plugins for Editor in 0.00 ms.
Unloading 1372 Unused Serialized files (Serialized files now loaded: 0)
Unloading 9 unused Assets / (31.8 KB). Loaded Objects now: 1894.
Memory consumption went from 100.1 MB to 100.0 MB.
Total: 2.637400 ms (FindLiveObjects: 0.151800 ms CreateObjectMapping: 0.034800 ms MarkObjects: 2.432000 ms  DeleteObjects: 0.018300 ms)

AssetImportParameters requested are different than current active one (requested -> active):
  custom:video-decoder-ogg-theora: a1e56fd34408186e4bbccfd4996cb3dc -> 
  custom:container-muxer-webm: aa71ff27fc2769a1b78a27578f13a17b -> 
  custom:container-demuxer-webm: 4f35f7cbe854078d1ac9338744f61a02 -> 
  custom:video-encoder-webm-vp8: eb34c28f22e8b96e1ab97ce403110664 -> 
  custom:audio-encoder-webm-vorbis: bf7c407c2cedff20999df2af8eb42d56 -> 
  custom:framework-win-MediaFoundation: 216162199b28c13a410421893ffa2e32 -> 
  custom:container-demuxer-ogg: 62fdf1f143b41e24485cea50d1cbac27 -> 
  custom:video-decoder-webm-vp8: 9c59270c3fd7afecdb556c50c9e8de78 -> 
  custom:audio-decoder-ogg-vorbis: bf7c407c2cedff20999df2af8eb42d56 -> 
========================================================================
Received Import Request.
  Time since last request: 50.999515 seconds.
  path: Assets/3DModels/maniquin@Death From Right.fbx
  artifactKey: Guid(f3d2a4fcf53670c48b4ec655ea4581f0) Importer(815301076,1909f56bfc062723c751e8b465ee728b)
Start importing Assets/3DModels/maniquin@Death From Right.fbx using Guid(f3d2a4fcf53670c48b4ec655ea4581f0) Importer(815301076,1909f56bfc062723c751e8b465ee728b)  -> (artifact id: 'a0ed2d7d5caa2286b497c10fc00a5a48') in 0.022086 seconds 
========================================================================
Received Import Request.
  Time since last request: 505.589127 seconds.
  path: Assets/3DModels/maniquin@Death From Right.fbx
  artifactKey: Guid(f3d2a4fcf53670c48b4ec655ea4581f0) Importer(815301076,1909f56bfc062723c751e8b465ee728b)
Start importing Assets/3DModels/maniquin@Death From Right.fbx using Guid(f3d2a4fcf53670c48b4ec655ea4581f0) Importer(815301076,1909f56bfc062723c751e8b465ee728b)  -> (artifact id: 'cc6d19ee8ea0aed47b549fca719ee388') in 0.003815 seconds 
========================================================================
Received Import Request.
  Time since last request: 0.002681 seconds.
  path: Assets/3DModels/maniquinBigHead 1.prefab
  artifactKey: Guid(30d0221ba369b2a45bce48d3eb236bec) Importer(815301076,1909f56bfc062723c751e8b465ee728b)
Start importing Assets/3DModels/maniquinBigHead 1.prefab using Guid(30d0221ba369b2a45bce48d3eb236bec) Importer(815301076,1909f56bfc062723c751e8b465ee728b)  -> (artifact id: 'e27a21f128de0793df63bca36ca5f0bd') in 0.060857 seconds 
========================================================================
Received Import Request.
  Time since last request: 0.000013 seconds.
  path: Assets/3DModels/maniquinLargeArms 1.prefab
  artifactKey: Guid(809c6e606dd769440bb93f25414b77de) Importer(815301076,1909f56bfc062723c751e8b465ee728b)
Start importing Assets/3DModels/maniquinLargeArms 1.prefab using Guid(809c6e606dd769440bb93f25414b77de) Importer(815301076,1909f56bfc062723c751e8b465ee728b)  -> (artifact id: 'ff9e658aeaf09de1cc9bdf865d89bebe') in 0.014592 seconds 
========================================================================
Received Import Request.
  Time since last request: 0.000021 seconds.
  path: Assets/3DModels/maniquinLargeLegs 1.prefab
  artifactKey: Guid(e9cae2d9042b64b41b7dffb4e3b576f6) Importer(815301076,1909f56bfc062723c751e8b465ee728b)
Start importing Assets/3DModels/maniquinLargeLegs 1.prefab using Guid(e9cae2d9042b64b41b7dffb4e3b576f6) Importer(815301076,1909f56bfc062723c751e8b465ee728b)  -> (artifact id: '79d3df7dd771ef5083dd7016871e4f4b') in 0.012872 seconds 
========================================================================
Received Import Request.
  Time since last request: 21.399447 seconds.
  path: Assets/3DModels/maniquin@Death From Right.fbx
  artifactKey: Guid(f3d2a4fcf53670c48b4ec655ea4581f0) Importer(815301076,1909f56bfc062723c751e8b465ee728b)
Start importing Assets/3DModels/maniquin@Death From Right.fbx using Guid(f3d2a4fcf53670c48b4ec655ea4581f0) Importer(815301076,1909f56bfc062723c751e8b465ee728b)  -> (artifact id: 'b271911fbdaf108bfec58301aecf14ce') in 0.004112 seconds 
========================================================================
Received Import Request.
  Time since last request: 0.000014 seconds.
  path: Assets/3DModels/maniquinLargeArms 1.prefab
  artifactKey: Guid(809c6e606dd769440bb93f25414b77de) Importer(815301076,1909f56bfc062723c751e8b465ee728b)
Start importing Assets/3DModels/maniquinLargeArms 1.prefab using Guid(809c6e606dd769440bb93f25414b77de) Importer(815301076,1909f56bfc062723c751e8b465ee728b)  -> (artifact id: 'eaaebbce7d8a5e081e584b9f2402fd94') in 0.071981 seconds 
========================================================================
Received Import Request.
  Time since last request: 0.000013 seconds.
  path: Assets/3DModels/maniquinLargeLegs 1.prefab
  artifactKey: Guid(e9cae2d9042b64b41b7dffb4e3b576f6) Importer(815301076,1909f56bfc062723c751e8b465ee728b)
Start importing Assets/3DModels/maniquinLargeLegs 1.prefab using Guid(e9cae2d9042b64b41b7dffb4e3b576f6) Importer(815301076,1909f56bfc062723c751e8b465ee728b)  -> (artifact id: 'aace3ed35cfd14b1145a655b8a256464') in 0.008729 seconds 
========================================================================
Received Import Request.
  Time since last request: 28.978152 seconds.
  path: Assets/3DModels/maniquin@Death From Right.fbx
  artifactKey: Guid(f3d2a4fcf53670c48b4ec655ea4581f0) Importer(815301076,1909f56bfc062723c751e8b465ee728b)
Start importing Assets/3DModels/maniquin@Death From Right.fbx using Guid(f3d2a4fcf53670c48b4ec655ea4581f0) Importer(815301076,1909f56bfc062723c751e8b465ee728b)  -> (artifact id: '603c8113d19438a6c4c239e65fea9cd1') in 0.004572 seconds 
========================================================================
Received Import Request.
  Time since last request: 0.000015 seconds.
  path: Assets/3DModels/maniquinLargeArms 1.prefab
  artifactKey: Guid(809c6e606dd769440bb93f25414b77de) Importer(815301076,1909f56bfc062723c751e8b465ee728b)
Start importing Assets/3DModels/maniquinLargeArms 1.prefab using Guid(809c6e606dd769440bb93f25414b77de) Importer(815301076,1909f56bfc062723c751e8b465ee728b)  -> (artifact id: '6a1c9ecbf38659c5fb7cb7753e66e53c') in 0.046037 seconds 
========================================================================
Received Import Request.
  Time since last request: 39.134634 seconds.
  path: Assets/3DModels/maniquin@Death From Right.fbx
  artifactKey: Guid(f3d2a4fcf53670c48b4ec655ea4581f0) Importer(815301076,1909f56bfc062723c751e8b465ee728b)
Start importing Assets/3DModels/maniquin@Death From Right.fbx using Guid(f3d2a4fcf53670c48b4ec655ea4581f0) Importer(815301076,1909f56bfc062723c751e8b465ee728b)  -> (artifact id: '40c87e2ebc489cc2ac94b27ba3157946') in 0.004679 seconds 
========================================================================
Received Import Request.
  Time since last request: 0.000016 seconds.
  path: Assets/3DModels/maniquinLargeArms 1.prefab
  artifactKey: Guid(809c6e606dd769440bb93f25414b77de) Importer(815301076,1909f56bfc062723c751e8b465ee728b)
Start importing Assets/3DModels/maniquinLargeArms 1.prefab using Guid(809c6e606dd769440bb93f25414b77de) Importer(815301076,1909f56bfc062723c751e8b465ee728b)  -> (artifact id: 'a9d818e46d91242b3eac5a531db9965b') in 0.009224 seconds 
========================================================================
Received Prepare
Registering precompiled user dll's ...
Registered in 0.001719 seconds.
Begin MonoManager ReloadAssembly
Native extension for WindowsStandalone target not found
Refreshing native plugins compatible for Editor in 0.39 ms, found 2 plugins.
Preloading 0 native plugins for Editor in 0.00 ms.
Mono: successfully reloaded assembly
- Completed reload, in  0.821 seconds
Domain Reload Profiling:
	ReloadAssembly (822ms)
		BeginReloadAssembly (95ms)
			ExecutionOrderSort (0ms)
			DisableScriptedObjects (3ms)
			BackupInstance (0ms)
			ReleaseScriptingObjects (0ms)
			CreateAndSetChildDomain (23ms)
		EndReloadAssembly (646ms)
			LoadAssemblies (57ms)
			RebuildTransferFunctionScriptingTraits (0ms)
			SetupTypeCache (137ms)
			ReleaseScriptCaches (1ms)
			RebuildScriptCaches (34ms)
			SetupLoadedEditorAssemblies (383ms)
				LogAssemblyErrors (0ms)
				InitializePlatformSupportModulesInManaged (12ms)
				SetLoadedEditorAssemblies (0ms)
				RefreshPlugins (0ms)
				BeforeProcessingInitializeOnLoad (46ms)
				ProcessInitializeOnLoadAttributes (300ms)
				ProcessInitializeOnLoadMethodAttributes (15ms)
				AfterProcessingInitializeOnLoad (9ms)
				EditorAssembliesLoaded (0ms)
			ExecutionOrderSort2 (0ms)
			AwakeInstancesAfterBackupRestoration (5ms)
Platform modules already initialized, skipping
Refreshing native plugins compatible for Editor in 1.04 ms, found 2 plugins.
Preloading 0 native plugins for Editor in 0.00 ms.
Unloading 1372 Unused Serialized files (Serialized files now loaded: 0)
Unloading 9 unused Assets / (31.8 KB). Loaded Objects now: 1897.
Memory consumption went from 100.2 MB to 100.1 MB.
Total: 2.320700 ms (FindLiveObjects: 0.105500 ms CreateObjectMapping: 0.024900 ms MarkObjects: 2.174000 ms  DeleteObjects: 0.015800 ms)

AssetImportParameters requested are different than current active one (requested -> active):
  custom:video-decoder-ogg-theora: a1e56fd34408186e4bbccfd4996cb3dc -> 
  custom:container-muxer-webm: aa71ff27fc2769a1b78a27578f13a17b -> 
  custom:container-demuxer-webm: 4f35f7cbe854078d1ac9338744f61a02 -> 
  custom:video-encoder-webm-vp8: eb34c28f22e8b96e1ab97ce403110664 -> 
  custom:audio-encoder-webm-vorbis: bf7c407c2cedff20999df2af8eb42d56 -> 
  custom:framework-win-MediaFoundation: 216162199b28c13a410421893ffa2e32 -> 
  custom:container-demuxer-ogg: 62fdf1f143b41e24485cea50d1cbac27 -> 
  custom:video-decoder-webm-vp8: 9c59270c3fd7afecdb556c50c9e8de78 -> 
  custom:audio-decoder-ogg-vorbis: bf7c407c2cedff20999df2af8eb42d56 -> 
Editor requested this worker to shutdown with reason: Scaling down because of idle timeout
AssetImportWorker is now disconnected from the server
Process exiting
Exiting without the bug reporter. Application will terminate with return code 0