Using pre-set license
Built from '2021.3/staging' branch; Version is '2021.3.19f1 (c9714fde33b6) revision 13201743'; Using compiler version '192829333'; Build Type 'Release'
OS: 'Windows 10  (10.0.19045) 64bit Professional' Language: 'es' Physical Memory: 16310 MB
BatchMode: 1, IsHumanControllingUs: 0, StartBugReporterOnCrash: 0, Is64bit: 1, IsPro: 1

COMMAND LINE ARGUMENTS:
C:\Program Files\Unity\Hub\Editor\2021.3.19f1\Editor\Unity.exe
-adb2
-batchMode
-noUpm
-name
AssetImportWorker2
-projectPath
F:/Documentos/UPNa/TFG_GitHub/TFG_retargeting/SlidersAnimation
-logFile
Logs/AssetImportWorker2.log
-srvPort
64396
Successfully changed project path to: F:/Documentos/UPNa/TFG_GitHub/TFG_retargeting/SlidersAnimation
F:/Documentos/UPNa/TFG_GitHub/TFG_retargeting/SlidersAnimation
[UnityMemory] Configuration Parameters - Can be set up in boot.config
    "memorysetup-bucket-allocator-granularity=16"
    "memorysetup-bucket-allocator-bucket-count=8"
    "memorysetup-bucket-allocator-block-size=33554432"
    "memorysetup-bucket-allocator-block-count=8"
    "memorysetup-main-allocator-block-size=16777216"
    "memorysetup-thread-allocator-block-size=16777216"
    "memorysetup-gfx-main-allocator-block-size=16777216"
    "memorysetup-gfx-thread-allocator-block-size=16777216"
    "memorysetup-cache-allocator-block-size=4194304"
    "memorysetup-typetree-allocator-block-size=2097152"
    "memorysetup-profiler-bucket-allocator-granularity=16"
    "memorysetup-profiler-bucket-allocator-bucket-count=8"
    "memorysetup-profiler-bucket-allocator-block-size=33554432"
    "memorysetup-profiler-bucket-allocator-block-count=8"
    "memorysetup-profiler-allocator-block-size=16777216"
    "memorysetup-profiler-editor-allocator-block-size=1048576"
    "memorysetup-temp-allocator-size-main=16777216"
    "memorysetup-job-temp-allocator-block-size=2097152"
    "memorysetup-job-temp-allocator-block-size-background=1048576"
    "memorysetup-job-temp-allocator-reduction-small-platforms=262144"
    "memorysetup-temp-allocator-size-background-worker=32768"
    "memorysetup-temp-allocator-size-job-worker=262144"
    "memorysetup-temp-allocator-size-preload-manager=33554432"
    "memorysetup-temp-allocator-size-nav-mesh-worker=65536"
    "memorysetup-temp-allocator-size-audio-worker=65536"
    "memorysetup-temp-allocator-size-cloud-worker=32768"
    "memorysetup-temp-allocator-size-gi-baking-worker=262144"
    "memorysetup-temp-allocator-size-gfx=262144"
Player connection [20860] Host "[IP] 192.168.1.39 [Port] 0 [Flags] 2 [Guid] 305212323 [EditorId] 305212323 [Version] 1048832 [Id] WindowsEditor(7,DESKTOP-PAGVQ4V) [Debug] 1 [PackageName] WindowsEditor [ProjectName] Editor" joined multi-casting on [225.0.0.222:54997]...

Player connection [20860] Host "[IP] 192.168.1.39 [Port] 0 [Flags] 2 [Guid] 305212323 [EditorId] 305212323 [Version] 1048832 [Id] WindowsEditor(7,DESKTOP-PAGVQ4V) [Debug] 1 [PackageName] WindowsEditor [ProjectName] Editor" joined alternative multi-casting on [225.0.0.222:34997]...

Refreshing native plugins compatible for Editor in 20.07 ms, found 2 plugins.
Preloading 0 native plugins for Editor in 0.00 ms.
Initialize engine version: 2021.3.19f1 (c9714fde33b6)
[Subsystems] Discovering subsystems at path C:/Program Files/Unity/Hub/Editor/2021.3.19f1/Editor/Data/Resources/UnitySubsystems
[Subsystems] Discovering subsystems at path F:/Documentos/UPNa/TFG_GitHub/TFG_retargeting/SlidersAnimation/Assets
GfxDevice: creating device client; threaded=0; jobified=0
Direct3D:
    Version:  Direct3D 11.0 [level 11.1]
    Renderer: NVIDIA GeForce RTX 2060 (ID=0x1f03)
    Vendor:   NVIDIA
    VRAM:     12075 MB
    Driver:   31.0.15.2756
Initialize mono
Mono path[0] = 'C:/Program Files/Unity/Hub/Editor/2021.3.19f1/Editor/Data/Managed'
Mono path[1] = 'C:/Program Files/Unity/Hub/Editor/2021.3.19f1/Editor/Data/MonoBleedingEdge/lib/mono/unityjit-win32'
Mono config path = 'C:/Program Files/Unity/Hub/Editor/2021.3.19f1/Editor/Data/MonoBleedingEdge/etc'
Using monoOptions --debugger-agent=transport=dt_socket,embedding=1,server=y,suspend=n,address=127.0.0.1:56144
Begin MonoManager ReloadAssembly
Registering precompiled unity dll's ...
Register platform support module: C:/Program Files/Unity/Hub/Editor/2021.3.19f1/Editor/Data/PlaybackEngines/WindowsStandaloneSupport/UnityEditor.WindowsStandalone.Extensions.dll
Registered in 0.006190 seconds.
Native extension for WindowsStandalone target not found
Refreshing native plugins compatible for Editor in 18.14 ms, found 2 plugins.
Preloading 0 native plugins for Editor in 0.00 ms.
Mono: successfully reloaded assembly
- Completed reload, in  0.458 seconds
Domain Reload Profiling:
	ReloadAssembly (458ms)
		BeginReloadAssembly (59ms)
			ExecutionOrderSort (0ms)
			DisableScriptedObjects (0ms)
			BackupInstance (0ms)
			ReleaseScriptingObjects (0ms)
			CreateAndSetChildDomain (1ms)
		EndReloadAssembly (310ms)
			LoadAssemblies (57ms)
			RebuildTransferFunctionScriptingTraits (0ms)
			SetupTypeCache (75ms)
			ReleaseScriptCaches (0ms)
			RebuildScriptCaches (24ms)
			SetupLoadedEditorAssemblies (173ms)
				LogAssemblyErrors (0ms)
				InitializePlatformSupportModulesInManaged (7ms)
				SetLoadedEditorAssemblies (0ms)
				RefreshPlugins (18ms)
				BeforeProcessingInitializeOnLoad (1ms)
				ProcessInitializeOnLoadAttributes (111ms)
				ProcessInitializeOnLoadMethodAttributes (35ms)
				AfterProcessingInitializeOnLoad (0ms)
				EditorAssembliesLoaded (0ms)
			ExecutionOrderSort2 (0ms)
			AwakeInstancesAfterBackupRestoration (0ms)
Platform modules already initialized, skipping
Registering precompiled user dll's ...
Registered in 0.002523 seconds.
Begin MonoManager ReloadAssembly
Native extension for WindowsStandalone target not found
Refreshing native plugins compatible for Editor in 0.32 ms, found 2 plugins.
Preloading 0 native plugins for Editor in 0.00 ms.
Mono: successfully reloaded assembly
- Completed reload, in  0.747 seconds
Domain Reload Profiling:
	ReloadAssembly (747ms)
		BeginReloadAssembly (87ms)
			ExecutionOrderSort (0ms)
			DisableScriptedObjects (4ms)
			BackupInstance (0ms)
			ReleaseScriptingObjects (0ms)
			CreateAndSetChildDomain (16ms)
		EndReloadAssembly (570ms)
			LoadAssemblies (57ms)
			RebuildTransferFunctionScriptingTraits (0ms)
			SetupTypeCache (117ms)
			ReleaseScriptCaches (0ms)
			RebuildScriptCaches (30ms)
			SetupLoadedEditorAssemblies (344ms)
				LogAssemblyErrors (0ms)
				InitializePlatformSupportModulesInManaged (5ms)
				SetLoadedEditorAssemblies (0ms)
				RefreshPlugins (0ms)
				BeforeProcessingInitializeOnLoad (37ms)
				ProcessInitializeOnLoadAttributes (280ms)
				ProcessInitializeOnLoadMethodAttributes (15ms)
				AfterProcessingInitializeOnLoad (8ms)
				EditorAssembliesLoaded (0ms)
			ExecutionOrderSort2 (0ms)
			AwakeInstancesAfterBackupRestoration (4ms)
Platform modules already initialized, skipping
========================================================================
Worker process is ready to serve import requests
Launched and connected shader compiler UnityShaderCompiler.exe after 0.03 seconds
Refreshing native plugins compatible for Editor in 0.32 ms, found 2 plugins.
Preloading 0 native plugins for Editor in 0.00 ms.
Unloading 1390 Unused Serialized files (Serialized files now loaded: 0)
Unloading 16 unused Assets / (57.0 KB). Loaded Objects now: 1882.
Memory consumption went from 85.0 MB to 84.9 MB.
Total: 2.904800 ms (FindLiveObjects: 0.109500 ms CreateObjectMapping: 0.036000 ms MarkObjects: 2.675400 ms  DeleteObjects: 0.083000 ms)

AssetImportParameters requested are different than current active one (requested -> active):
  custom:video-decoder-ogg-theora: a1e56fd34408186e4bbccfd4996cb3dc -> 
  custom:container-muxer-webm: aa71ff27fc2769a1b78a27578f13a17b -> 
  custom:container-demuxer-webm: 4f35f7cbe854078d1ac9338744f61a02 -> 
  custom:video-encoder-webm-vp8: eb34c28f22e8b96e1ab97ce403110664 -> 
  custom:audio-encoder-webm-vorbis: bf7c407c2cedff20999df2af8eb42d56 -> 
  custom:framework-win-MediaFoundation: 216162199b28c13a410421893ffa2e32 -> 
  custom:container-demuxer-ogg: 62fdf1f143b41e24485cea50d1cbac27 -> 
  custom:video-decoder-webm-vp8: 9c59270c3fd7afecdb556c50c9e8de78 -> 
  custom:audio-decoder-ogg-vorbis: bf7c407c2cedff20999df2af8eb42d56 -> 
========================================================================
Received Import Request.
  Time since last request: 6848.743474 seconds.
  path: Assets/ImportedAssets/FreeButtonSet
  artifactKey: Guid(d23e7a6bf426c1e43b7cfbea1febe569) Importer(815301076,1909f56bfc062723c751e8b465ee728b)
Start importing Assets/ImportedAssets/FreeButtonSet using Guid(d23e7a6bf426c1e43b7cfbea1febe569) Importer(815301076,1909f56bfc062723c751e8b465ee728b)  -> (artifact id: '09f7e848525111131291dd8aa96d5491') in 0.010159 seconds 
========================================================================
Received Import Request.
  Time since last request: 1.304905 seconds.
  path: Assets/ImportedAssets/FreeButtonSet/Fonts
  artifactKey: Guid(2dfc05083f06ebb45b2445a5f1dc41b5) Importer(815301076,1909f56bfc062723c751e8b465ee728b)
Start importing Assets/ImportedAssets/FreeButtonSet/Fonts using Guid(2dfc05083f06ebb45b2445a5f1dc41b5) Importer(815301076,1909f56bfc062723c751e8b465ee728b)  -> (artifact id: 'b6944ef27937cc39ccc8a893af687806') in 0.005531 seconds 
========================================================================
Received Import Request.
  Time since last request: 2.141469 seconds.
  path: Assets/ImportedAssets/FreeButtonSet/Scenes
  artifactKey: Guid(98be6b037f328b8438b72e7ffb1ee8cd) Importer(815301076,1909f56bfc062723c751e8b465ee728b)
Start importing Assets/ImportedAssets/FreeButtonSet/Scenes using Guid(98be6b037f328b8438b72e7ffb1ee8cd) Importer(815301076,1909f56bfc062723c751e8b465ee728b)  -> (artifact id: 'c7eea828650427ec7135d6ec629fd28a') in 0.006844 seconds 
========================================================================
Received Import Request.
  Time since last request: 1.222581 seconds.
  path: Assets/ImportedAssets/FreeButtonSet/Textures
  artifactKey: Guid(01430914042f894489285ea62a14b761) Importer(815301076,1909f56bfc062723c751e8b465ee728b)
Start importing Assets/ImportedAssets/FreeButtonSet/Textures using Guid(01430914042f894489285ea62a14b761) Importer(815301076,1909f56bfc062723c751e8b465ee728b)  -> (artifact id: 'fdfcb652903b8773360dac2c10c665a1') in 0.006744 seconds 
========================================================================
Received Import Request.
  Time since last request: 0.759515 seconds.
  path: Assets/ImportedAssets/FreeButtonSet/Textures/buttons
  artifactKey: Guid(b0edb74aa1bc1bb468ece3102f026e61) Importer(815301076,1909f56bfc062723c751e8b465ee728b)
Start importing Assets/ImportedAssets/FreeButtonSet/Textures/buttons using Guid(b0edb74aa1bc1bb468ece3102f026e61) Importer(815301076,1909f56bfc062723c751e8b465ee728b)  -> (artifact id: '809c906dde4fe0bcca0e8d0b2aaf5555') in 0.006086 seconds 
========================================================================
Received Import Request.
  Time since last request: 2.149961 seconds.
  path: Assets/ImportedAssets/FreeButtonSet/Textures/controls
  artifactKey: Guid(3b742833a60b6f945bb6f9390dd51677) Importer(815301076,1909f56bfc062723c751e8b465ee728b)
Start importing Assets/ImportedAssets/FreeButtonSet/Textures/controls using Guid(3b742833a60b6f945bb6f9390dd51677) Importer(815301076,1909f56bfc062723c751e8b465ee728b)  -> (artifact id: '99551b08bdec8b4b1060296074be9b1e') in 0.005724 seconds 
========================================================================
Received Import Request.
  Time since last request: 2.904349 seconds.
  path: Assets/ImportedAssets/Buttons
  artifactKey: Guid(a576550f409fda24a9ab6fada57bdf99) Importer(815301076,1909f56bfc062723c751e8b465ee728b)
Start importing Assets/ImportedAssets/Buttons using Guid(a576550f409fda24a9ab6fada57bdf99) Importer(815301076,1909f56bfc062723c751e8b465ee728b)  -> (artifact id: '31b294cac26d97610b7a321093f697f9') in 0.005902 seconds 
========================================================================
Received Import Request.
  Time since last request: 8.195335 seconds.
  path: Assets/ImportedAssets/Art By Kandles/Basic Icons/Textures
  artifactKey: Guid(dc7720f0ab0a38c41ad31bfd117a6d88) Importer(815301076,1909f56bfc062723c751e8b465ee728b)
Start importing Assets/ImportedAssets/Art By Kandles/Basic Icons/Textures using Guid(dc7720f0ab0a38c41ad31bfd117a6d88) Importer(815301076,1909f56bfc062723c751e8b465ee728b)  -> (artifact id: 'd240d9435510681847248ee8ef5fa147') in 0.001576 seconds 
========================================================================
Received Import Request.
  Time since last request: 0.831025 seconds.
  path: Assets/ImportedAssets/Art By Kandles/Basic Icons/Textures/Large
  artifactKey: Guid(a0e31cfb55c8edf44b5c59a22ba15a57) Importer(815301076,1909f56bfc062723c751e8b465ee728b)
Start importing Assets/ImportedAssets/Art By Kandles/Basic Icons/Textures/Large using Guid(a0e31cfb55c8edf44b5c59a22ba15a57) Importer(815301076,1909f56bfc062723c751e8b465ee728b)  -> (artifact id: 'bfea89836ae9d5676efc7cf62b090a3c') in 0.005262 seconds 
========================================================================
Received Import Request.
  Time since last request: 1.643718 seconds.
  path: Assets/ImportedAssets/Art By Kandles/Basic Icons/Textures/Small
  artifactKey: Guid(c413a7c7f1670f643a300cbefeb51eab) Importer(815301076,1909f56bfc062723c751e8b465ee728b)
Start importing Assets/ImportedAssets/Art By Kandles/Basic Icons/Textures/Small using Guid(c413a7c7f1670f643a300cbefeb51eab) Importer(815301076,1909f56bfc062723c751e8b465ee728b)  -> (artifact id: '5055794f7bcff85043f896aa794294e4') in 0.005285 seconds 
========================================================================
Received Import Request.
  Time since last request: 1.845246 seconds.
  path: Assets/ImportedAssets/Art By Kandles/Basic Icons/PSDs
  artifactKey: Guid(95fbb387fb196fa45bdc425e4b13b657) Importer(815301076,1909f56bfc062723c751e8b465ee728b)
Start importing Assets/ImportedAssets/Art By Kandles/Basic Icons/PSDs using Guid(95fbb387fb196fa45bdc425e4b13b657) Importer(815301076,1909f56bfc062723c751e8b465ee728b)  -> (artifact id: '41810311f38c005f132b8539320af564') in 0.005289 seconds 
========================================================================
Received Prepare
Registering precompiled user dll's ...
Registered in 0.002100 seconds.
Begin MonoManager ReloadAssembly
Native extension for WindowsStandalone target not found
Refreshing native plugins compatible for Editor in 0.35 ms, found 2 plugins.
Preloading 0 native plugins for Editor in 0.00 ms.
Mono: successfully reloaded assembly
- Completed reload, in  0.857 seconds
Domain Reload Profiling:
	ReloadAssembly (857ms)
		BeginReloadAssembly (104ms)
			ExecutionOrderSort (0ms)
			DisableScriptedObjects (4ms)
			BackupInstance (0ms)
			ReleaseScriptingObjects (0ms)
			CreateAndSetChildDomain (25ms)
		EndReloadAssembly (673ms)
			LoadAssemblies (55ms)
			RebuildTransferFunctionScriptingTraits (0ms)
			SetupTypeCache (141ms)
			ReleaseScriptCaches (1ms)
			RebuildScriptCaches (39ms)
			SetupLoadedEditorAssemblies (401ms)
				LogAssemblyErrors (0ms)
				InitializePlatformSupportModulesInManaged (11ms)
				SetLoadedEditorAssemblies (0ms)
				RefreshPlugins (0ms)
				BeforeProcessingInitializeOnLoad (42ms)
				ProcessInitializeOnLoadAttributes (315ms)
				ProcessInitializeOnLoadMethodAttributes (20ms)
				AfterProcessingInitializeOnLoad (10ms)
				EditorAssembliesLoaded (2ms)
			ExecutionOrderSort2 (0ms)
			AwakeInstancesAfterBackupRestoration (6ms)
Platform modules already initialized, skipping
Refreshing native plugins compatible for Editor in 0.79 ms, found 2 plugins.
Preloading 0 native plugins for Editor in 0.00 ms.
Unloading 1372 Unused Serialized files (Serialized files now loaded: 0)
Unloading 9 unused Assets / (31.7 KB). Loaded Objects now: 1885.
Memory consumption went from 83.5 MB to 83.4 MB.
Total: 3.326100 ms (FindLiveObjects: 0.104100 ms CreateObjectMapping: 0.042900 ms MarkObjects: 3.163500 ms  DeleteObjects: 0.014800 ms)

AssetImportParameters requested are different than current active one (requested -> active):
  custom:video-decoder-ogg-theora: a1e56fd34408186e4bbccfd4996cb3dc -> 
  custom:container-muxer-webm: aa71ff27fc2769a1b78a27578f13a17b -> 
  custom:container-demuxer-webm: 4f35f7cbe854078d1ac9338744f61a02 -> 
  custom:video-encoder-webm-vp8: eb34c28f22e8b96e1ab97ce403110664 -> 
  custom:audio-encoder-webm-vorbis: bf7c407c2cedff20999df2af8eb42d56 -> 
  custom:framework-win-MediaFoundation: 216162199b28c13a410421893ffa2e32 -> 
  custom:container-demuxer-ogg: 62fdf1f143b41e24485cea50d1cbac27 -> 
  custom:video-decoder-webm-vp8: 9c59270c3fd7afecdb556c50c9e8de78 -> 
  custom:audio-decoder-ogg-vorbis: bf7c407c2cedff20999df2af8eb42d56 -> 
