Using pre-set license
Built from '2021.3/staging' branch; Version is '2021.3.19f1 (c9714fde33b6) revision 13201743'; Using compiler version '192829333'; Build Type 'Release'
OS: 'Windows 10  (10.0.19045) 64bit Professional' Language: 'es' Physical Memory: 16310 MB
BatchMode: 1, IsHumanControllingUs: 0, StartBugReporterOnCrash: 0, Is64bit: 1, IsPro: 1

COMMAND LINE ARGUMENTS:
C:\Program Files\Unity\Hub\Editor\2021.3.19f1\Editor\Unity.exe
-adb2
-batchMode
-noUpm
-name
AssetImportWorker0
-projectPath
F:/Documentos/UPNa/TFG_GitHub/TFG_retargeting/SlidersAnimation
-logFile
Logs/AssetImportWorker0.log
-srvPort
55634
Successfully changed project path to: F:/Documentos/UPNa/TFG_GitHub/TFG_retargeting/SlidersAnimation
F:/Documentos/UPNa/TFG_GitHub/TFG_retargeting/SlidersAnimation
[UnityMemory] Configuration Parameters - Can be set up in boot.config
    "memorysetup-bucket-allocator-granularity=16"
    "memorysetup-bucket-allocator-bucket-count=8"
    "memorysetup-bucket-allocator-block-size=33554432"
    "memorysetup-bucket-allocator-block-count=8"
    "memorysetup-main-allocator-block-size=16777216"
    "memorysetup-thread-allocator-block-size=16777216"
    "memorysetup-gfx-main-allocator-block-size=16777216"
    "memorysetup-gfx-thread-allocator-block-size=16777216"
    "memorysetup-cache-allocator-block-size=4194304"
    "memorysetup-typetree-allocator-block-size=2097152"
    "memorysetup-profiler-bucket-allocator-granularity=16"
    "memorysetup-profiler-bucket-allocator-bucket-count=8"
    "memorysetup-profiler-bucket-allocator-block-size=33554432"
    "memorysetup-profiler-bucket-allocator-block-count=8"
    "memorysetup-profiler-allocator-block-size=16777216"
    "memorysetup-profiler-editor-allocator-block-size=1048576"
    "memorysetup-temp-allocator-size-main=16777216"
    "memorysetup-job-temp-allocator-block-size=2097152"
    "memorysetup-job-temp-allocator-block-size-background=1048576"
    "memorysetup-job-temp-allocator-reduction-small-platforms=262144"
    "memorysetup-temp-allocator-size-background-worker=32768"
    "memorysetup-temp-allocator-size-job-worker=262144"
    "memorysetup-temp-allocator-size-preload-manager=33554432"
    "memorysetup-temp-allocator-size-nav-mesh-worker=65536"
    "memorysetup-temp-allocator-size-audio-worker=65536"
    "memorysetup-temp-allocator-size-cloud-worker=32768"
    "memorysetup-temp-allocator-size-gi-baking-worker=262144"
    "memorysetup-temp-allocator-size-gfx=262144"
Player connection [12232] Host "[IP] 192.168.1.39 [Port] 0 [Flags] 2 [Guid] 3651342410 [EditorId] 3651342410 [Version] 1048832 [Id] WindowsEditor(7,DESKTOP-PAGVQ4V) [Debug] 1 [PackageName] WindowsEditor [ProjectName] Editor" joined multi-casting on [225.0.0.222:54997]...

Player connection [12232] Host "[IP] 192.168.1.39 [Port] 0 [Flags] 2 [Guid] 3651342410 [EditorId] 3651342410 [Version] 1048832 [Id] WindowsEditor(7,DESKTOP-PAGVQ4V) [Debug] 1 [PackageName] WindowsEditor [ProjectName] Editor" joined alternative multi-casting on [225.0.0.222:34997]...

Refreshing native plugins compatible for Editor in 18.88 ms, found 2 plugins.
Preloading 0 native plugins for Editor in 0.00 ms.
Initialize engine version: 2021.3.19f1 (c9714fde33b6)
[Subsystems] Discovering subsystems at path C:/Program Files/Unity/Hub/Editor/2021.3.19f1/Editor/Data/Resources/UnitySubsystems
[Subsystems] Discovering subsystems at path F:/Documentos/UPNa/TFG_GitHub/TFG_retargeting/SlidersAnimation/Assets
GfxDevice: creating device client; threaded=0; jobified=0
Direct3D:
    Version:  Direct3D 11.0 [level 11.1]
    Renderer: NVIDIA GeForce RTX 2060 (ID=0x1f03)
    Vendor:   NVIDIA
    VRAM:     12075 MB
    Driver:   31.0.15.2756
Initialize mono
Mono path[0] = 'C:/Program Files/Unity/Hub/Editor/2021.3.19f1/Editor/Data/Managed'
Mono path[1] = 'C:/Program Files/Unity/Hub/Editor/2021.3.19f1/Editor/Data/MonoBleedingEdge/lib/mono/unityjit-win32'
Mono config path = 'C:/Program Files/Unity/Hub/Editor/2021.3.19f1/Editor/Data/MonoBleedingEdge/etc'
Using monoOptions --debugger-agent=transport=dt_socket,embedding=1,server=y,suspend=n,address=127.0.0.1:56164
Begin MonoManager ReloadAssembly
Registering precompiled unity dll's ...
Register platform support module: C:/Program Files/Unity/Hub/Editor/2021.3.19f1/Editor/Data/PlaybackEngines/WindowsStandaloneSupport/UnityEditor.WindowsStandalone.Extensions.dll
Registered in 0.005854 seconds.
Native extension for WindowsStandalone target not found
Refreshing native plugins compatible for Editor in 23.44 ms, found 2 plugins.
Preloading 0 native plugins for Editor in 0.00 ms.
Mono: successfully reloaded assembly
- Completed reload, in  0.444 seconds
Domain Reload Profiling:
	ReloadAssembly (445ms)
		BeginReloadAssembly (65ms)
			ExecutionOrderSort (0ms)
			DisableScriptedObjects (0ms)
			BackupInstance (0ms)
			ReleaseScriptingObjects (0ms)
			CreateAndSetChildDomain (1ms)
		EndReloadAssembly (297ms)
			LoadAssemblies (61ms)
			RebuildTransferFunctionScriptingTraits (0ms)
			SetupTypeCache (74ms)
			ReleaseScriptCaches (0ms)
			RebuildScriptCaches (18ms)
			SetupLoadedEditorAssemblies (168ms)
				LogAssemblyErrors (0ms)
				InitializePlatformSupportModulesInManaged (7ms)
				SetLoadedEditorAssemblies (0ms)
				RefreshPlugins (24ms)
				BeforeProcessingInitializeOnLoad (1ms)
				ProcessInitializeOnLoadAttributes (105ms)
				ProcessInitializeOnLoadMethodAttributes (31ms)
				AfterProcessingInitializeOnLoad (0ms)
				EditorAssembliesLoaded (0ms)
			ExecutionOrderSort2 (0ms)
			AwakeInstancesAfterBackupRestoration (0ms)
Platform modules already initialized, skipping
Registering precompiled user dll's ...
Registered in 0.001900 seconds.
Begin MonoManager ReloadAssembly
Native extension for WindowsStandalone target not found
Refreshing native plugins compatible for Editor in 0.28 ms, found 2 plugins.
Preloading 0 native plugins for Editor in 0.00 ms.
Mono: successfully reloaded assembly
- Completed reload, in  0.728 seconds
Domain Reload Profiling:
	ReloadAssembly (728ms)
		BeginReloadAssembly (84ms)
			ExecutionOrderSort (0ms)
			DisableScriptedObjects (4ms)
			BackupInstance (0ms)
			ReleaseScriptingObjects (0ms)
			CreateAndSetChildDomain (14ms)
		EndReloadAssembly (562ms)
			LoadAssemblies (56ms)
			RebuildTransferFunctionScriptingTraits (0ms)
			SetupTypeCache (112ms)
			ReleaseScriptCaches (0ms)
			RebuildScriptCaches (27ms)
			SetupLoadedEditorAssemblies (348ms)
				LogAssemblyErrors (0ms)
				InitializePlatformSupportModulesInManaged (5ms)
				SetLoadedEditorAssemblies (0ms)
				RefreshPlugins (0ms)
				BeforeProcessingInitializeOnLoad (42ms)
				ProcessInitializeOnLoadAttributes (281ms)
				ProcessInitializeOnLoadMethodAttributes (12ms)
				AfterProcessingInitializeOnLoad (7ms)
				EditorAssembliesLoaded (0ms)
			ExecutionOrderSort2 (0ms)
			AwakeInstancesAfterBackupRestoration (4ms)
Platform modules already initialized, skipping
========================================================================
Worker process is ready to serve import requests
Launched and connected shader compiler UnityShaderCompiler.exe after 0.04 seconds
Refreshing native plugins compatible for Editor in 0.28 ms, found 2 plugins.
Preloading 0 native plugins for Editor in 0.00 ms.
Unloading 1397 Unused Serialized files (Serialized files now loaded: 0)
Unloading 16 unused Assets / (59.2 KB). Loaded Objects now: 1889.
Memory consumption went from 85.5 MB to 85.4 MB.
Total: 2.762800 ms (FindLiveObjects: 0.113300 ms CreateObjectMapping: 0.047200 ms MarkObjects: 2.511000 ms  DeleteObjects: 0.090700 ms)

AssetImportParameters requested are different than current active one (requested -> active):
  custom:video-decoder-ogg-theora: a1e56fd34408186e4bbccfd4996cb3dc -> 
  custom:container-muxer-webm: aa71ff27fc2769a1b78a27578f13a17b -> 
  custom:container-demuxer-webm: 4f35f7cbe854078d1ac9338744f61a02 -> 
  custom:video-encoder-webm-vp8: eb34c28f22e8b96e1ab97ce403110664 -> 
  custom:audio-encoder-webm-vorbis: bf7c407c2cedff20999df2af8eb42d56 -> 
  custom:framework-win-MediaFoundation: 216162199b28c13a410421893ffa2e32 -> 
  custom:container-demuxer-ogg: 62fdf1f143b41e24485cea50d1cbac27 -> 
  custom:video-decoder-webm-vp8: 9c59270c3fd7afecdb556c50c9e8de78 -> 
  custom:audio-decoder-ogg-vorbis: bf7c407c2cedff20999df2af8eb42d56 -> 
========================================================================
Received Import Request.
  Time since last request: 136459.710907 seconds.
  path: Assets/Unity-Logs-Viewer/README.md
  artifactKey: Guid(7970120b28b7fc040bcf888bbe4e0062) Importer(815301076,1909f56bfc062723c751e8b465ee728b)
Start importing Assets/Unity-Logs-Viewer/README.md using Guid(7970120b28b7fc040bcf888bbe4e0062) Importer(815301076,1909f56bfc062723c751e8b465ee728b)  -> (artifact id: '6c34997ad63ddff84e22463cb1ea2a9d') in 0.028959 seconds 
========================================================================
Received Import Request.
  Time since last request: 22.549719 seconds.
  path: Assets/Unity-Logs-Viewer/Reporter
  artifactKey: Guid(0264958cc64273c46a257dd5bc018605) Importer(815301076,1909f56bfc062723c751e8b465ee728b)
Start importing Assets/Unity-Logs-Viewer/Reporter using Guid(0264958cc64273c46a257dd5bc018605) Importer(815301076,1909f56bfc062723c751e8b465ee728b)  -> (artifact id: '8785da1841b39456ef8a64ebbf319e2d') in 0.005647 seconds 
========================================================================
Received Import Request.
  Time since last request: 13.342502 seconds.
  path: Assets/Unity-Logs-Viewer/Reporter/Editor
  artifactKey: Guid(15d89de0102fd6743afd4d727f43d481) Importer(815301076,1909f56bfc062723c751e8b465ee728b)
Start importing Assets/Unity-Logs-Viewer/Reporter/Editor using Guid(15d89de0102fd6743afd4d727f43d481) Importer(815301076,1909f56bfc062723c751e8b465ee728b)  -> (artifact id: '160a0525f3d31bb8814b83441bcd02b4') in 0.005883 seconds 
========================================================================
Received Import Request.
  Time since last request: 0.877563 seconds.
  path: Assets/Unity-Logs-Viewer/Reporter/Editor/ReporterEditor.cs
  artifactKey: Guid(639e2d9db58377f4997f7678b50e7e7a) Importer(815301076,1909f56bfc062723c751e8b465ee728b)
Start importing Assets/Unity-Logs-Viewer/Reporter/Editor/ReporterEditor.cs using Guid(639e2d9db58377f4997f7678b50e7e7a) Importer(815301076,1909f56bfc062723c751e8b465ee728b)  -> (artifact id: '65dee7ef487c77e98df4806bbef8bff1') in 0.007964 seconds 
========================================================================
Received Import Request.
  Time since last request: 3.208884 seconds.
  path: Assets/Unity-Logs-Viewer/ReporterDocumentation
  artifactKey: Guid(b502cdbcc667dce419bfb328dac18458) Importer(815301076,1909f56bfc062723c751e8b465ee728b)
Start importing Assets/Unity-Logs-Viewer/ReporterDocumentation using Guid(b502cdbcc667dce419bfb328dac18458) Importer(815301076,1909f56bfc062723c751e8b465ee728b)  -> (artifact id: '74f1a2ef2b857d4b1f82186108d60d6f') in 0.005704 seconds 
========================================================================
Received Import Request.
  Time since last request: 0.076382 seconds.
  path: Assets/Unity-Logs-Viewer/ReporterDocumentation/clear.png
  artifactKey: Guid(a0fcf46a2dc6a1b4b86e3f9927780fae) Importer(815301076,1909f56bfc062723c751e8b465ee728b)
Start importing Assets/Unity-Logs-Viewer/ReporterDocumentation/clear.png using Guid(a0fcf46a2dc6a1b4b86e3f9927780fae) Importer(815301076,1909f56bfc062723c751e8b465ee728b)  -> (artifact id: '7a1c0d3d82f7baf235cd0892622c061e') in 0.066438 seconds 
========================================================================
Received Import Request.
  Time since last request: 0.000014 seconds.
  path: Assets/Unity-Logs-Viewer/ReporterDocumentation/fps.png
  artifactKey: Guid(5764076715929d5479162c37a0736b90) Importer(815301076,1909f56bfc062723c751e8b465ee728b)
Start importing Assets/Unity-Logs-Viewer/ReporterDocumentation/fps.png using Guid(5764076715929d5479162c37a0736b90) Importer(815301076,1909f56bfc062723c751e8b465ee728b)  -> (artifact id: '82a29df959fec68e195ed9cffc2ab45d') in 0.010526 seconds 
========================================================================
Received Import Request.
  Time since last request: 0.000012 seconds.
  path: Assets/Unity-Logs-Viewer/ReporterDocumentation/screenShot21.png
  artifactKey: Guid(610107702c8806949869cffc95a67b57) Importer(815301076,1909f56bfc062723c751e8b465ee728b)
Start importing Assets/Unity-Logs-Viewer/ReporterDocumentation/screenShot21.png using Guid(610107702c8806949869cffc95a67b57) Importer(815301076,1909f56bfc062723c751e8b465ee728b)  -> (artifact id: 'a0c0a98840aa8336a042995e8a922ed2') in 0.015077 seconds 
========================================================================
Received Import Request.
  Time since last request: 0.000015 seconds.
  path: Assets/Unity-Logs-Viewer/ReporterDocumentation/log.png
  artifactKey: Guid(679c1c3b742729b45a60849042799a26) Importer(815301076,1909f56bfc062723c751e8b465ee728b)
Start importing Assets/Unity-Logs-Viewer/ReporterDocumentation/log.png using Guid(679c1c3b742729b45a60849042799a26) Importer(815301076,1909f56bfc062723c751e8b465ee728b)  -> (artifact id: '8540697b79f085fb4620935acc9232f8') in 0.009588 seconds 
========================================================================
Received Import Request.
  Time since last request: 0.000013 seconds.
  path: Assets/Unity-Logs-Viewer/ReporterDocumentation/scene.png
  artifactKey: Guid(31f8aee177daaf645b9d0694e6fc50c5) Importer(815301076,1909f56bfc062723c751e8b465ee728b)
Start importing Assets/Unity-Logs-Viewer/ReporterDocumentation/scene.png using Guid(31f8aee177daaf645b9d0694e6fc50c5) Importer(815301076,1909f56bfc062723c751e8b465ee728b)  -> (artifact id: '0e6c18e48cd342164eacf4a791db32ef') in 0.013213 seconds 
========================================================================
Received Import Request.
  Time since last request: 0.000016 seconds.
  path: Assets/Unity-Logs-Viewer/ReporterDocumentation/warning.png
  artifactKey: Guid(65b0df5f5ed78ca49aed5ff6dadae865) Importer(815301076,1909f56bfc062723c751e8b465ee728b)
Start importing Assets/Unity-Logs-Viewer/ReporterDocumentation/warning.png using Guid(65b0df5f5ed78ca49aed5ff6dadae865) Importer(815301076,1909f56bfc062723c751e8b465ee728b)  -> (artifact id: 'cfd620c658213296ca3cf3b92f22704b') in 0.010316 seconds 
========================================================================
Received Import Request.
  Time since last request: 0.000017 seconds.
  path: Assets/Unity-Logs-Viewer/ReporterDocumentation/time.png
  artifactKey: Guid(dbae7700ad1eca246949933cce6ab4e1) Importer(815301076,1909f56bfc062723c751e8b465ee728b)
Start importing Assets/Unity-Logs-Viewer/ReporterDocumentation/time.png using Guid(dbae7700ad1eca246949933cce6ab4e1) Importer(815301076,1909f56bfc062723c751e8b465ee728b)  -> (artifact id: '7e8b9bdb1727eaba4cf4f0f79fff43ab') in 0.011780 seconds 
========================================================================
Received Prepare
Refreshing native plugins compatible for Editor in 2.17 ms, found 2 plugins.
Preloading 0 native plugins for Editor in 0.00 ms.
Unloading 10 Unused Serialized files (Serialized files now loaded: 0)
Unloading 9 unused Assets / (29.0 KB). Loaded Objects now: 1894.
Memory consumption went from 56.3 MB to 56.3 MB.
Total: 2.772300 ms (FindLiveObjects: 0.108600 ms CreateObjectMapping: 0.037200 ms MarkObjects: 2.616100 ms  DeleteObjects: 0.009800 ms)

AssetImportParameters requested are different than current active one (requested -> active):
  custom:video-decoder-ogg-theora: a1e56fd34408186e4bbccfd4996cb3dc -> 
  custom:container-muxer-webm: aa71ff27fc2769a1b78a27578f13a17b -> 
  custom:container-demuxer-webm: 4f35f7cbe854078d1ac9338744f61a02 -> 
  custom:video-encoder-webm-vp8: eb34c28f22e8b96e1ab97ce403110664 -> 
  custom:audio-encoder-webm-vorbis: bf7c407c2cedff20999df2af8eb42d56 -> 
  custom:framework-win-MediaFoundation: 216162199b28c13a410421893ffa2e32 -> 
  custom:container-demuxer-ogg: 62fdf1f143b41e24485cea50d1cbac27 -> 
  custom:video-decoder-webm-vp8: 9c59270c3fd7afecdb556c50c9e8de78 -> 
  custom:audio-decoder-ogg-vorbis: bf7c407c2cedff20999df2af8eb42d56 -> 
Editor requested this worker to shutdown with reason: Scaling down because of idle timeout
AssetImportWorker is now disconnected from the server
Process exiting
Exiting without the bug reporter. Application will terminate with return code 0